<?xml version="1.0" encoding="UTF-8"?>
<testsuite xmlns:xsi="http://www.w3.org/2001/XMLSchema-instance" xsi:noNamespaceSchemaLocation="https://maven.apache.org/surefire/maven-surefire-plugin/xsd/surefire-test-report-3.0.xsd" version="3.0" name="start.test.petstore.PetTest" time="2.348" tests="3" errors="0" skipped="0" failures="0">
  <properties>
[...]
</properties>
  <testcase name="get" classname="start.test.petstore.PetTest" time="2.154"/>
  <testcase name="put" classname="start.test.petstore.PetTest" time="0.073"/>
  <testcase name="postorder" classname="start.test.petstore.PetTest" time="0.041"/>
</testsuite>